<?xml version="1.0" encoding="UTF-8"?>
<!-- Generated by org.testng.reporters.JUnitReportReporter -->
<testsuite hostname="Bharani" failures="0" tests="4" name="com.testng.dataprovider.Parameterpassingtest" time="25.607" errors="0" timestamp="2025-01-20T20:30:27 MYT" skipped="0">
  <testcase classname="com.testng.dataprovider.Parameterpassingtest" name="testlogin" time="6.577"/>
  <system-out/>
  <testcase classname="com.testng.dataprovider.Parameterpassingtest" name="testlogin" time="6.761"/>
  <system-out/>
  <testcase classname="com.testng.dataprovider.Parameterpassingtest" name="testlogin" time="5.421"/>
  <system-out/>
  <testcase classname="com.testng.dataprovider.Parameterpassingtest" name="testlogin" time="6.848"/>
  <system-out/>
</testsuite> <!-- com.testng.dataprovider.Parameterpassingtest -->
