<?xml version="1.0" encoding="UTF-8"?>
<!-- Generated by org.testng.reporters.JUnitReportReporter -->
<testsuite hostname="Bharani" failures="0" tests="1" name="com.testng.pommodel.Logintest" time="0.011" errors="0" timestamp="2025-01-18T17:31:05 MYT" skipped="0">
  <testcase classname="com.testng.pommodel.Logintest" name="testlogin" time="0.011"/>
  <system-out/>
</testsuite> <!-- com.testng.pommodel.Logintest -->
