<?xml version="1.0" encoding="UTF-8"?>
<!-- Generated by org.testng.reporters.JUnitReportReporter -->
<testsuite hostname="Bharani" failures="0" tests="4" name="com.testng.annotations.Testcasetwo" time="11.488" errors="0" timestamp="2025-01-13T20:27:48 MYT" skipped="0">
  <testcase classname="com.testng.annotations.Testcasetwo" name="openapp" time="4.297"/>
  <system-out/>
  <testcase classname="com.testng.annotations.Testcasetwo" name="testlogodisplay" time="2.053"/>
  <system-out/>
  <testcase classname="com.testng.annotations.Testcasetwo" name="testlogin" time="3.315"/>
  <system-out/>
  <testcase classname="com.testng.annotations.Testcasetwo" name="testclosebrowser" time="1.823"/>
  <system-out/>
</testsuite> <!-- com.testng.annotations.Testcasetwo -->
