<?xml version="1.0" encoding="UTF-8"?>
<!-- Generated by org.testng.reporters.JUnitReportReporter -->
<testsuite hostname="Bharani" failures="0" tests="8" name="com.testng.annotations.Testcaseone" time="22.212" errors="0" timestamp="2025-01-13T20:27:48 MYT" skipped="0">
  <testcase classname="com.testng.annotations.Testcaseone" name="openapp" time="4.883"/>
  <system-out/>
  <testcase classname="com.testng.annotations.Testcaseone" name="openapp" time="5.333"/>
  <system-out/>
  <testcase classname="com.testng.annotations.Testcaseone" name="testlogodisplay" time="2.047"/>
  <system-out/>
  <testcase classname="com.testng.annotations.Testcaseone" name="testlogodisplay" time="2.038"/>
  <system-out/>
  <testcase classname="com.testng.annotations.Testcaseone" name="testlogin" time="3.302"/>
  <system-out/>
  <testcase classname="com.testng.annotations.Testcaseone" name="testlogin" time="3.343"/>
  <system-out/>
  <testcase classname="com.testng.annotations.Testcaseone" name="testclosebrowser" time="0.581"/>
  <system-out/>
  <testcase classname="com.testng.annotations.Testcaseone" name="testclosebrowser" time="0.685"/>
  <system-out/>
</testsuite> <!-- com.testng.annotations.Testcaseone -->
