<?xml version="1.0" encoding="UTF-8"?>
<!-- Generated by org.testng.reporters.JUnitReportReporter -->
<testsuite hostname="Bharani" failures="0" tests="4" name="com.testng.revise.Settingpriority" time="0.028" errors="0" timestamp="2025-01-13T19:44:11 MYT" skipped="0">
  <testcase classname="com.testng.revise.Settingpriority" name="openapp" time="0.019"/>
  <system-out/>
  <testcase classname="com.testng.revise.Settingpriority" name="login" time="0.003"/>
  <system-out/>
  <testcase classname="com.testng.revise.Settingpriority" name="checkhomepagetitle" time="0.003"/>
  <system-out/>
  <testcase classname="com.testng.revise.Settingpriority" name="logout" time="0.003"/>
  <system-out/>
</testsuite> <!-- com.testng.revise.Settingpriority -->
