<?xml version="1.0" encoding="UTF-8"?>
<!-- Generated by org.testng.reporters.JUnitReportReporter -->
<testsuite hostname="Bharani" failures="0" tests="4" name="com.testng.annotations.Testcasethree" time="10.925" errors="0" timestamp="2025-01-13T20:27:48 MYT" skipped="0">
  <testcase classname="com.testng.annotations.Testcasethree" name="openapp" time="4.912"/>
  <system-out/>
  <testcase classname="com.testng.annotations.Testcasethree" name="testlogodisplay" time="2.044"/>
  <system-out/>
  <testcase classname="com.testng.annotations.Testcasethree" name="testlogin" time="3.303"/>
  <system-out/>
  <testcase classname="com.testng.annotations.Testcasethree" name="testclosebrowser" time="0.666"/>
  <system-out/>
</testsuite> <!-- com.testng.annotations.Testcasethree -->
