<?xml version="1.0" encoding="UTF-8"?>
<!-- Generated by org.testng.reporters.JUnitReportReporter -->
<testsuite hostname="Bharani" failures="0" tests="4" name="com.testng.revise.Testcaseone" time="11.094" errors="0" timestamp="2025-01-13T20:04:43 MYT" skipped="0">
  <testcase classname="com.testng.revise.Testcaseone" name="openapp" time="5.111"/>
  <system-out/>
  <testcase classname="com.testng.revise.Testcaseone" name="testlogodisplay" time="2.058"/>
  <system-out/>
  <testcase classname="com.testng.revise.Testcaseone" name="testlogin" time="3.328"/>
  <system-out/>
  <testcase classname="com.testng.revise.Testcaseone" name="testclosebrowser" time="0.597"/>
  <system-out/>
</testsuite> <!-- com.testng.revise.Testcaseone -->
