<?xml version="1.0" encoding="UTF-8"?>
<!-- Generated by org.testng.reporters.JUnitReportReporter -->
<testsuite hostname="Bharani" failures="0" tests="2" name="com.testng.annotations.Annotations" time="0.020" errors="0" timestamp="2025-05-11T17:32:43 MYT" skipped="0">
  <testcase classname="com.testng.annotations.Annotations" name="executingtheTestcase2" time="0.003"/>
  <system-out/>
  <testcase classname="com.testng.annotations.Annotations" name="executingtheTestcase1" time="0.017"/>
  <system-out/>
</testsuite> <!-- com.testng.annotations.Annotations -->
