<?xml version="1.0" encoding="UTF-8"?>
<!-- Generated by org.testng.reporters.JUnitReportReporter -->
<testsuite hostname="Bharani" failures="0" tests="1" name="com.testng.revise.simpleprintstatements" time="0.024" errors="0" timestamp="2025-01-13T19:38:31 MYT" skipped="0">
  <testcase classname="com.testng.revise.simpleprintstatements" name="simple" time="0.024"/>
  <system-out/>
</testsuite> <!-- com.testng.revise.simpleprintstatements -->
