<?xml version="1.0" encoding="UTF-8"?>
<!-- Generated by org.testng.reporters.JUnitReportReporter -->
<testsuite hostname="Bharani" failures="0" tests="4" name="com.testng.revise.Testcasetwo" time="11.815" errors="0" timestamp="2025-01-13T20:04:43 MYT" skipped="0">
  <testcase classname="com.testng.revise.Testcasetwo" name="openapp" time="4.649"/>
  <system-out/>
  <testcase classname="com.testng.revise.Testcasetwo" name="testlogodisplay" time="2.039"/>
  <system-out/>
  <testcase classname="com.testng.revise.Testcasetwo" name="testlogin" time="3.318"/>
  <system-out/>
  <testcase classname="com.testng.revise.Testcasetwo" name="testclosebrowser" time="1.809"/>
  <system-out/>
</testsuite> <!-- com.testng.revise.Testcasetwo -->
